<?xml version="1.0" encoding="UTF-8"?>
<testsuite name="models.cipherTest" tests="1" skipped="0" failures="0" errors="0" timestamp="2020-06-28T14:11:42" hostname="gideon-HP-EliteBook-Folio-9480m" time="0.002">
  <properties/>
  <testcase name="newCipher_instantiatesCorrectly" classname="models.cipherTest" time="0.002"/>
  <system-out><![CDATA[]]></system-out>
  <system-err><![CDATA[]]></system-err>
</testsuite>
