<?xml version="1.0" encoding="UTF-8"?>
<testsuite name="models.cipherTest" tests="4" skipped="0" failures="0" errors="0" timestamp="2020-06-28T14:28:46" hostname="gideon-HP-EliteBook-Folio-9480m" time="0.003">
  <properties/>
  <testcase name="newCipher_cipheredInputString" classname="models.cipherTest" time="0.002"/>
  <testcase name="newCipher_getsCipherKey" classname="models.cipherTest" time="0.0"/>
  <testcase name="newCipher_getsInputString" classname="models.cipherTest" time="0.0"/>
  <testcase name="newCipher_instantiatesCorrectly" classname="models.cipherTest" time="0.0"/>
  <system-out><![CDATA[]]></system-out>
  <system-err><![CDATA[]]></system-err>
</testsuite>
